[dotenv@17.3.1] injecting env (9) from .env -- tip: ⚙️  suppress all logs with { quiet: true }
🚀 Server running on http://0.0.0.0:3005
✅ Connected to PostgreSQL database IGUServices
✅ Table 'programs' ensured to exist.
✅ Table 'auth' ensured to exist.
✅ Table 'course_syllabus' ensured to exist.
✅ Table 'curriculum_drafts' ensured to exist.
📥 Received Login Request: { username: 'admin' }
✅ Login successful for user: admin
👤 User session found: { name: 'admin', role: 'admin' }
👤 User session found: { name: 'admin', role: 'admin' }
👤 User session found: { name: 'admin', role: 'admin' }
👤 User session found: { name: 'admin', role: 'admin' }
👤 User session found: { name: 'admin', role: 'admin' }
👤 User session found: { name: 'admin', role: 'admin' }
👤 User session found: { name: 'admin', role: 'admin' }
👤 User session found: { name: 'admin', role: 'admin' }
👤 User session found: { name: 'admin', role: 'admin' }
👤 User session found: { name: 'admin', role: 'admin' }
👤 User session found: { name: 'admin', role: 'admin' }
👤 User session found: { name: 'admin', role: 'admin' }
[dotenv@17.3.1] injecting env (9) from .env -- tip: ⚙️  enable debug logging with { debug: true }
🚀 Server running on http://0.0.0.0:3005
✅ Connected to PostgreSQL database IGUServices
✅ Table 'auth' ensured to exist.
✅ Table 'course_syllabus' ensured to exist.
✅ Table 'programs' ensured to exist.
✅ Table 'curriculum_drafts' ensured to exist.
📥 Received Login Request: { username: 'admin' }
✅ Login successful for user: admin
👤 User session found: { name: 'admin', role: 'admin' }
👤 User session found: { name: 'admin', role: 'admin' }
👤 User session found: { name: 'admin', role: 'admin' }
👤 User session found: { name: 'admin', role: 'admin' }
👤 User session found: { name: 'admin', role: 'admin' }
👤 User session found: { name: 'admin', role: 'admin' }
👤 User session found: { name: 'admin', role: 'admin' }
👤 User session found: { name: 'admin', role: 'admin' }
[dotenv@17.3.1] injecting env (9) from .env -- tip: 🔐 prevent committing .env to code: https://dotenvx.com/precommit
🚀 Server running on http://0.0.0.0:3005
✅ Connected to PostgreSQL database IGUServices
✅ Table 'auth' ensured to exist.
✅ Table 'programs' ensured to exist.
✅ Table 'curriculum_drafts' ensured to exist.
✅ Table 'course_syllabus' ensured to exist.
📥 Received Login Request: { username: 'admin' }
✅ Login successful for user: admin
👤 User session found: { name: 'admin', role: 'admin' }
[dotenv@17.3.1] injecting env (9) from .env -- tip: 🔐 prevent committing .env to code: https://dotenvx.com/precommit
🚀 Server running on http://0.0.0.0:3005
✅ Connected to PostgreSQL database IGUServices
✅ Table 'auth' ensured to exist.
✅ Table 'course_syllabus' ensured to exist.
✅ Table 'programs' ensured to exist.
✅ Table 'curriculum_drafts' ensured to exist.
📥 Received Login Request: { username: 'admin' }
✅ Login successful for user: admin
👤 User session found: { name: 'admin', role: 'admin' }
[dotenv@17.3.1] injecting env (9) from .env -- tip: 🔐 prevent committing .env to code: https://dotenvx.com/precommit
🚀 Server running on http://0.0.0.0:3005
✅ Connected to PostgreSQL database IGUServices
✅ Table 'auth' ensured to exist.
✅ Table 'curriculum_drafts' ensured to exist.
✅ Table 'course_syllabus' ensured to exist.
✅ Table 'programs' ensured to exist.
📥 Received Login Request: { username: 'admin' }
✅ Login successful for user: admin
👤 User session found: { name: 'admin', role: 'admin' }
👤 User session found: { name: 'admin', role: 'admin' }
👤 User session found: { name: 'admin', role: 'admin' }
📥 Received Login Request: { username: 'admin' }
✅ Login successful for user: admin
👤 User session found: { name: 'admin', role: 'admin' }
[dotenv@17.3.1] injecting env (9) from .env -- tip: ⚙️  write to custom object with { processEnv: myObject }
🚀 Server running on http://0.0.0.0:3005
✅ Connected to PostgreSQL database IGUServices
✅ Table 'course_syllabus' ensured to exist.
✅ Table 'auth' ensured to exist.
✅ Table 'programs' ensured to exist.
✅ Table 'curriculum_drafts' ensured to exist.
📥 Received Login Request: { username: 'admin' }
✅ Login successful for user: admin
👤 User session found: { name: 'admin', role: 'admin' }
[dotenv@17.3.1] injecting env (9) from .env -- tip: ⚙️  load multiple .env files with { path: ['.env.local', '.env'] }
🚀 Server running on http://0.0.0.0:3005
✅ Connected to PostgreSQL database IGUServices
✅ Table 'auth' ensured to exist.
✅ Table 'programs' ensured to exist.
✅ Table 'course_syllabus' ensured to exist.
✅ Table 'curriculum_drafts' ensured to exist.
📥 Received Login Request: { username: 'admin' }
✅ Login successful for user: admin
👤 User session found: { name: 'admin', role: 'admin' }
👤 User session found: { name: 'admin', role: 'admin' }
👤 User session found: { name: 'admin', role: 'admin' }
📥 Received Raw Course Data: {
  isEditMode: 'true',
  creditScheme: '4+0',
  owning_program: 'Computer Science & Engineering',
  semester: '1st Semester',
  natureOfCourse: 'CC-A1',
  courseName: 'Commerce',
  courseCode: 'CSE-100',
  courseType: 'CC-A1',
  prerequisite: '',
  courseOutcomes: '1\r\n2\r\n3',
  credits_theory: '4',
  credits_practical: '0',
  credits_total: '4',
  hours_theory: '4',
  hours_practical: '0',
  hours_total: '4',
  contact_hours_theory: '60',
  contact_hours_practical: '0',
  contact_hours_total: '60',
  marks_internal_theory: '30',
  marks_internal_practical: '0',
  marks_internal_total: '30',
  marks_endterm_theory: '70',
  marks_endterm_practical: '0',
  marks_endterm_total: '70',
  marks_max: '100',
  exam_duration: '3 Hours',
  paperSetterInstructions: 'Theory: The paper setter shall prepare <b>9 questions</b> selecting <b>two questions</b> from each unit with consideration given to the Course Learning Outcomes. Among these, question number 1 will be <b>compulsory question</b>, comprising <b>7 short answer type questions</b> carrying two marks each (total 14 marks) and covering the entire syllabus. The remaining questions will be carrying 14 marks each. Examinees will be required to attempt <b>five questions</b>: the compulsory question no. 1 and 1 question from the each of the four units.',
  unitTitles: [ 'Unit-1', 'Unit-2', 'Unit-3', 'Unit-4' ],
  unitContents: [ '1', '1', '2', '3' ],
  unitHours: [ '15', '18', '12', '15' ],
  eval_cp_th: '5',
  eval_cp_pr: 'NA',
  eval_written_exam_th: '70',
  eval_written_exam_pr: 'NA',
  eval_seminar_th: '10',
  eval_seminar_pr: 'NA',
  eval_lab_record_th: 'NA',
  eval_lab_record_pr: 'NA',
  eval_seminar_demo_th: 'NA',
  eval_seminar_demo_pr: 'NA',
  eval_viva_th: 'NA',
  eval_viva_pr: 'NA',
  eval_midterm_th: '15',
  eval_midterm_pr: 'NA',
  eval_execution_th: 'NA',
  eval_execution_pr: 'NA',
  resources: '1\r\n2\r\n3',
  numPOs: '11',
  numPSOs: '0',
  mapCO: [ 'CLO1', 'CLO2', 'CLO3' ],
  mapPO1: [ '1', '', '' ],
  mapPO2: [ '', '3', '' ],
  mapPO3: [ '', '2', '' ],
  mapPO4: [ '1', '', '1' ],
  mapPO5: [ '', '', '' ],
  mapPO6: [ '', '', '' ],
  mapPO7: [ '', '', '' ],
  mapPO8: [ '', '', '' ],
  mapPO9: [ '', '', '' ],
  mapPO10: [ '', '', '' ],
  mapPO11: [ '', '', '' ],
  nep_employability: 'Employability',
  nep_skill_enhancement: 'Employability',
  nep_communication_development: 'Employability',
  nep_indian_knowledge_system: '',
  nep_environmental_awareness: 'Employability',
  nep_current_issues: '',
  nep_women_empowerment: '',
  nep_public_policies: '',
  nep_any_other: ''
}
✅ Course Data successfully saved to DB.
👤 User session found: { name: 'admin', role: 'admin' }
👤 User session found: { name: 'admin', role: 'admin' }
👤 User session found: { name: 'admin', role: 'admin' }
👤 User session found: { name: 'admin', role: 'admin' }
👤 User session found: { name: 'admin', role: 'admin' }
✅ User logged out successfully.
[dotenv@17.3.1] injecting env (9) from .env -- tip: ⚙️  write to custom object with { processEnv: myObject }
🚀 Server running on http://0.0.0.0:3005
✅ Connected to PostgreSQL database IGUServices
✅ Table 'auth' ensured to exist.
✅ Table 'programs' ensured to exist.
✅ Table 'course_syllabus' ensured to exist.
✅ Table 'curriculum_drafts' ensured to exist.
📥 Received Login Request: { username: 'admin' }
✅ Login successful for user: admin
👤 User session found: { name: 'admin', role: 'admin' }
📥 Received Login Request: { username: 'admin' }
❌ Invalid credentials for user: admin
📥 Received Login Request: { username: 'admin' }
✅ Login successful for user: admin
👤 User session found: { name: 'admin', role: 'admin' }
👤 User session found: { name: 'admin', role: 'admin' }
👤 User session found: { name: 'admin', role: 'admin' }
✅ User logged out successfully.
📥 Received Login Request: { username: 'admin' }
✅ Login successful for user: admin
👤 User session found: { name: 'admin', role: 'admin' }
👤 User session found: { name: 'admin', role: 'admin' }
👤 User session found: { name: 'admin', role: 'admin' }
✅ User logged out successfully.
📥 Received Login Request: { username: 'admin' }
✅ Login successful for user: admin
👤 User session found: { name: 'admin', role: 'admin' }
[dotenv@17.3.1] injecting env (9) from .env -- tip: 🔐 encrypt with Dotenvx: https://dotenvx.com
🚀 Server running on http://0.0.0.0:3005
✅ Connected to PostgreSQL database IGUServices
✅ Table 'auth' ensured to exist.
✅ Table 'programs' ensured to exist.
✅ Table 'curriculum_drafts' ensured to exist.
✅ Table 'course_syllabus' ensured to exist.
📥 Received Login Request: { username: 'admin' }
✅ Login successful for user: admin
👤 User session found: { name: 'admin', role: 'admin' }
[dotenv@17.3.1] injecting env (9) from .env -- tip: ⚙️  specify custom .env file path with { path: '/custom/path/.env' }
🚀 Server running on http://0.0.0.0:3005
✅ Connected to PostgreSQL database IGUServices
✅ Table 'programs' ensured to exist.
✅ Table 'course_syllabus' ensured to exist.
✅ Table 'curriculum_drafts' ensured to exist.
✅ Table 'auth' ensured to exist.
📥 Received Login Request: { username: 'dev' }
✅ Login successful for user: dev
👤 User session found: { name: 'dev', role: 'admin' }
📥 Received Login Request: { username: 'admin' }
✅ Login successful for user: admin
👤 User session found: { name: 'admin', role: 'admin' }
👤 User session found: { name: 'admin', role: 'admin' }
👤 User session found: { name: 'admin', role: 'admin' }
[dotenv@17.3.1] injecting env (9) from .env -- tip: ⚙️  enable debug logging with { debug: true }
🚀 Server running on http://0.0.0.0:3005
✅ Connected to PostgreSQL database IGUServices
✅ Table 'programs' ensured to exist.
✅ Table 'auth' ensured to exist.
✅ Table 'course_syllabus' ensured to exist.
✅ Table 'curriculum_drafts' ensured to exist.
📥 Received Login Request: { username: 'admin' }
✅ Login successful for user: admin
👤 User session found: { name: 'admin', role: 'admin' }
👤 User session found: { name: 'admin', role: 'admin' }
👤 User session found: { name: 'admin', role: 'admin' }
📥 Received Login Request: { username: 'shivani' }
❌ Invalid credentials for user: shivani
📥 Received Login Request: { username: 'admin' }
❌ Invalid credentials for user: admin
📥 Received Login Request: { username: 'admin' }
✅ Login successful for user: admin
👤 User session found: { name: 'admin', role: 'admin' }
👤 User session found: { name: 'admin', role: 'admin' }
👤 User session found: { name: 'admin', role: 'admin' }
📥 Received Login Request: { username: 'admin' }
✅ Login successful for user: admin
👤 User session found: { name: 'admin', role: 'admin' }
👤 User session found: { name: 'admin', role: 'admin' }
👤 User session found: { name: 'admin', role: 'admin' }
👤 User session found: { name: 'admin', role: 'admin' }
📥 Received Login Request: { username: 'admin' }
✅ Login successful for user: admin
👤 User session found: { name: 'admin', role: 'admin' }
👤 User session found: { name: 'admin', role: 'admin' }
👤 User session found: { name: 'admin', role: 'admin' }
👤 User session found: { name: 'admin', role: 'admin' }
[dotenv@17.3.1] injecting env (9) from .env -- tip: 🛡️ auth for agents: https://vestauth.com
🚀 Server running on http://0.0.0.0:3005
✅ Connected to PostgreSQL database IGUServices
✅ Table 'programs' ensured to exist.
✅ Table 'auth' ensured to exist.
✅ Table 'course_syllabus' ensured to exist.
✅ Table 'curriculum_drafts' ensured to exist.
📥 Received Login Request: { username: 'admin' }
✅ Login successful for user: admin
👤 User session found: { name: 'admin', role: 'admin' }
👤 User session found: { name: 'admin', role: 'admin' }
👤 User session found: { name: 'admin', role: 'admin' }
🚀 Server running on http://0.0.0.0:3005
📥 Received Login Request: { username: 'admin' }
✅ Login successful for user: admin
👤 User session found: { name: 'admin', role: 'admin' }
🚀 Server running on http://localhost:3005
✅ Connected to PostgreSQL database IGUServices
✅ Table 'programs' ensured to exist.
✅ Table 'course_syllabus' ensured to exist.
✅ Table 'curriculum_drafts' ensured to exist.
✅ Table 'auth' ensured to exist.
🚀 Server running on http://0.0.0.0:3005
✅ Connected to PostgreSQL database IGUServices
✅ Table 'auth' ensured to exist.
✅ Table 'programs' ensured to exist.
✅ Table 'curriculum_drafts' ensured to exist.
✅ Table 'course_syllabus' ensured to exist.
🚀 Server running on http://0.0.0.0:3005
✅ Connected to PostgreSQL database IGUServices
✅ Table 'auth' ensured to exist.
✅ Table 'programs' ensured to exist.
✅ Table 'course_syllabus' ensured to exist.
✅ Table 'curriculum_drafts' ensured to exist.
📥 Received Login Request: { username: 'admin' }
✅ Login successful for user: admin
👤 User session found: { name: 'admin', role: 'admin' }
👤 User session found: { name: 'admin', role: 'admin' }
📥 Received Login Request: { username: 'admin' }
✅ Login successful for user: admin
👤 User session found: { name: 'admin', role: 'admin' }
👤 User session found: { name: 'admin', role: 'admin' }
👤 User session found: { name: 'admin', role: 'admin' }
👤 User session found: { name: 'admin', role: 'admin' }
✅ User logged out successfully.
📥 Received Login Request: { username: 'admin' }
✅ Login successful for user: admin
👤 User session found: { name: 'admin', role: 'admin' }
👤 User session found: { name: 'admin', role: 'admin' }
👤 User session found: { name: 'admin', role: 'admin' }
👤 User session found: { name: 'admin', role: 'admin' }
👤 User session found: { name: 'admin', role: 'admin' }
👤 User session found: { name: 'admin', role: 'admin' }
👤 User session found: { name: 'admin', role: 'admin' }
👤 User session found: { name: 'admin', role: 'admin' }
👤 User session found: { name: 'admin', role: 'admin' }
👤 User session found: { name: 'admin', role: 'admin' }
📥 Received Login Request: { username: 'admin' }
✅ Login successful for user: admin
👤 User session found: { name: 'admin', role: 'admin' }
📥 Received Login Request: { username: 'admin' }
✅ Login successful for user: admin
👤 User session found: { name: 'admin', role: 'admin' }
👤 User session found: { name: 'admin', role: 'admin' }
👤 User session found: { name: 'admin', role: 'admin' }
👤 User session found: { name: 'admin', role: 'admin' }
👤 User session found: { name: 'admin', role: 'admin' }
👤 User session found: { name: 'admin', role: 'admin' }
👤 User session found: { name: 'admin', role: 'admin' }
✅ User logged out successfully.
✅ User logged out successfully.
📥 Received Login Request: { username: 'admin' }
✅ Login successful for user: admin
👤 User session found: { name: 'admin', role: 'admin' }
✅ User logged out successfully.
👤 User session found: { name: 'admin', role: 'admin' }
✅ User logged out successfully.
📥 Received Login Request: { username: 'admin' }
✅ Login successful for user: admin
👤 User session found: { name: 'admin', role: 'admin' }
✅ User logged out successfully.
📥 Received Login Request: { username: 'admin' }
✅ Login successful for user: admin
👤 User session found: { name: 'admin', role: 'admin' }
✅ User logged out successfully.
🚀 Server running on http://0.0.0.0:3005
✅ Connected to PostgreSQL database IGUServices
✅ Table 'programs' ensured to exist.
✅ Table 'course_syllabus' ensured to exist.
✅ Table 'curriculum_drafts' ensured to exist.
✅ Table 'auth' ensured to exist.
📥 Received Login Request: { username: 'admin' }
✅ Login successful for user: admin
👤 User session found: { name: 'admin', role: 'admin' }
📥 Received Login Request: { username: 'admin' }
✅ Login successful for user: admin
👤 User session found: { name: 'admin', role: 'admin' }
👤 User session found: { name: 'admin', role: 'admin' }
👤 User session found: { name: 'admin', role: 'admin' }
👤 User session found: { name: 'admin', role: 'admin' }
👤 User session found: { name: 'admin', role: 'admin' }
👤 User session found: { name: 'admin', role: 'admin' }
👤 User session found: { name: 'admin', role: 'admin' }
👤 User session found: { name: 'admin', role: 'admin' }
👤 User session found: { name: 'admin', role: 'admin' }
👤 User session found: { name: 'admin', role: 'admin' }
👤 User session found: { name: 'admin', role: 'admin' }
👤 User session found: { name: 'admin', role: 'admin' }
📥 Received Login Request: { username: 'admin' }
✅ Login successful for user: admin
👤 User session found: { name: 'admin', role: 'admin' }
👤 User session found: { name: 'admin', role: 'admin' }
👤 User session found: { name: 'admin', role: 'admin' }
👤 User session found: { name: 'admin', role: 'admin' }
👤 User session found: { name: 'admin', role: 'admin' }
👤 User session found: { name: 'admin', role: 'admin' }
👤 User session found: { name: 'admin', role: 'admin' }
👤 User session found: { name: 'admin', role: 'admin' }
📥 Received Login Request: { username: 'admin' }
✅ Login successful for user: admin
👤 User session found: { name: 'admin', role: 'admin' }
👤 User session found: { name: 'admin', role: 'admin' }
👤 User session found: { name: 'admin', role: 'admin' }
👤 User session found: { name: 'admin', role: 'admin' }
✅ User logged out successfully.
📥 Received Login Request: { username: 'admin' }
✅ Login successful for user: admin
👤 User session found: { name: 'admin', role: 'admin' }
✅ User logged out successfully.
📥 Received Login Request: { username: 'admin' }
✅ Login successful for user: admin
👤 User session found: { name: 'admin', role: 'admin' }
👤 User session found: { name: 'admin', role: 'admin' }
👤 User session found: { name: 'admin', role: 'admin' }
👤 User session found: { name: 'admin', role: 'admin' }
👤 User session found: { name: 'admin', role: 'admin' }
👤 User session found: { name: 'admin', role: 'admin' }
👤 User session found: { name: 'admin', role: 'admin' }
👤 User session found: { name: 'admin', role: 'admin' }
📥 Received Login Request: { username: 'admin' }
✅ Login successful for user: admin
👤 User session found: { name: 'admin', role: 'admin' }
📥 Received Login Request: { username: 'admin' }
✅ Login successful for user: admin
👤 User session found: { name: 'admin', role: 'admin' }
👤 User session found: { name: 'admin', role: 'admin' }
📥 Received Login Request: { username: 'admin' }
✅ Login successful for user: admin
👤 User session found: { name: 'admin', role: 'admin' }
📥 Received Login Request: { username: 'admin' }
✅ Login successful for user: admin
👤 User session found: { name: 'admin', role: 'admin' }
👤 User session found: { name: 'admin', role: 'admin' }
👤 User session found: { name: 'admin', role: 'admin' }
👤 User session found: { name: 'admin', role: 'admin' }
🚀 Server running on http://0.0.0.0:3005
✅ Connected to PostgreSQL database IGUServices
✅ Table 'programs' ensured to exist.
✅ Table 'auth' ensured to exist.
✅ Table 'course_syllabus' ensured to exist.
✅ Table 'curriculum_drafts' ensured to exist.
🚀 Server running on http://0.0.0.0:3005
✅ Connected to PostgreSQL database IGUServices
✅ Table 'curriculum_drafts' ensured to exist.
✅ Table 'auth' ensured to exist.
✅ Table 'course_syllabus' ensured to exist.
✅ Table 'programs' ensured to exist.
🚀 Server running on http://0.0.0.0:3005
✅ Connected to PostgreSQL database IGUServices
✅ Table 'programs' ensured to exist.
✅ Table 'course_syllabus' ensured to exist.
✅ Table 'auth' ensured to exist.
✅ Table 'curriculum_drafts' ensured to exist.
📥 Received Login Request: { username: 'admin' }
✅ Login successful for user: admin
👤 User session found: { name: 'admin', role: 'admin' }
📥 Received Login Request: { username: 'admin' }
✅ Login successful for user: admin
👤 User session found: { name: 'admin', role: 'admin' }
👤 User session found: { name: 'admin', role: 'admin' }
👤 User session found: { name: 'admin', role: 'admin' }
👤 User session found: { name: 'admin', role: 'admin' }
👤 User session found: { name: 'admin', role: 'admin' }
👤 User session found: { name: 'admin', role: 'admin' }
👤 User session found: { name: 'admin', role: 'admin' }
🚀 Server running on http://0.0.0.0:3005
✅ Connected to PostgreSQL database IGUServices
✅ Table 'auth' ensured to exist.
✅ Table 'programs' ensured to exist.
✅ Table 'course_syllabus' ensured to exist.
✅ Table 'curriculum_drafts' ensured to exist.
📥 Received Login Request: { username: 'admin' }
✅ Login successful for user: admin
👤 User session found: { name: 'admin', role: 'admin' }
📥 Received Login Request: { username: 'admin' }
✅ Login successful for user: admin
👤 User session found: { name: 'admin', role: 'admin' }
👤 User session found: { name: 'admin', role: 'admin' }
👤 User session found: { name: 'admin', role: 'admin' }
👤 User session found: { name: 'admin', role: 'admin' }
👤 User session found: { name: 'admin', role: 'admin' }
👤 User session found: { name: 'admin', role: 'admin' }
👤 User session found: { name: 'admin', role: 'admin' }
👤 User session found: { name: 'admin', role: 'admin' }
👤 User session found: { name: 'admin', role: 'admin' }
✅ User logged out successfully.
📥 Received Login Request: { username: 'admin' }
✅ Login successful for user: admin
👤 User session found: { name: 'admin', role: 'admin' }
👤 User session found: { name: 'admin', role: 'admin' }
👤 User session found: { name: 'admin', role: 'admin' }
👤 User session found: { name: 'admin', role: 'admin' }
👤 User session found: { name: 'admin', role: 'admin' }
👤 User session found: { name: 'admin', role: 'admin' }
📥 Received Login Request: { username: 'admin' }
✅ Login successful for user: admin
👤 User session found: { name: 'admin', role: 'admin' }
👤 User session found: { name: 'admin', role: 'admin' }
👤 User session found: { name: 'admin', role: 'admin' }
👤 User session found: { name: 'admin', role: 'admin' }
👤 User session found: { name: 'admin', role: 'admin' }
👤 User session found: { name: 'admin', role: 'admin' }
👤 User session found: { name: 'admin', role: 'admin' }
📥 Received Login Request: { username: 'admin' }
✅ Login successful for user: admin
👤 User session found: { name: 'admin', role: 'admin' }
👤 User session found: { name: 'admin', role: 'admin' }
👤 User session found: { name: 'admin', role: 'admin' }
👤 User session found: { name: 'admin', role: 'admin' }
👤 User session found: { name: 'admin', role: 'admin' }
👤 User session found: { name: 'admin', role: 'admin' }
👤 User session found: { name: 'admin', role: 'admin' }
👤 User session found: { name: 'admin', role: 'admin' }
📥 Received Login Request: { username: 'admin' }
✅ Login successful for user: admin
👤 User session found: { name: 'admin', role: 'admin' }
👤 User session found: { name: 'admin', role: 'admin' }
📥 Received Login Request: { username: 'admin' }
✅ Login successful for user: admin
👤 User session found: { name: 'admin', role: 'admin' }
👤 User session found: { name: 'admin', role: 'admin' }
📥 Received Login Request: { username: 'admin' }
✅ Login successful for user: admin
👤 User session found: { name: 'admin', role: 'admin' }
📥 Received Login Request: { username: 'admin' }
✅ Login successful for user: admin
👤 User session found: { name: 'admin', role: 'admin' }
👤 User session found: { name: 'admin', role: 'admin' }
👤 User session found: { name: 'admin', role: 'admin' }
📥 Received Login Request: { username: 'admin' }
✅ Login successful for user: admin
👤 User session found: { name: 'admin', role: 'admin' }
👤 User session found: { name: 'admin', role: 'admin' }
👤 User session found: { name: 'admin', role: 'admin' }
📥 Received Login Request: { username: 'admin' }
✅ Login successful for user: admin
👤 User session found: { name: 'admin', role: 'admin' }
👤 User session found: { name: 'admin', role: 'admin' }
👤 User session found: { name: 'admin', role: 'admin' }
👤 User session found: { name: 'admin', role: 'admin' }
👤 User session found: { name: 'admin', role: 'admin' }
👤 User session found: { name: 'admin', role: 'admin' }
👤 User session found: { name: 'admin', role: 'admin' }
👤 User session found: { name: 'admin', role: 'admin' }
👤 User session found: { name: 'admin', role: 'admin' }
👤 User session found: { name: 'admin', role: 'admin' }
📥 Received Login Request: { username: 'admin' }
✅ Login successful for user: admin
👤 User session found: { name: 'admin', role: 'admin' }
👤 User session found: { name: 'admin', role: 'admin' }
📥 Received Login Request: { username: 'admin' }
✅ Login successful for user: admin
👤 User session found: { name: 'admin', role: 'admin' }
📥 Received Login Request: { username: 'admin' }
✅ Login successful for user: admin
👤 User session found: { name: 'admin', role: 'admin' }
📥 Received Login Request: { username: 'admin' }
✅ Login successful for user: admin
👤 User session found: { name: 'admin', role: 'admin' }
👤 User session found: { name: 'admin', role: 'admin' }
👤 User session found: { name: 'admin', role: 'admin' }
📥 Received Edit Password Request: { username: 'admin' }
✅ Password updated successfully for user: admin
👤 User session found: { name: 'admin', role: 'admin' }
📥 Received Registration Request: { username: 'test1' }
✅ Registration successful for user: test1
👤 User session found: { name: 'admin', role: 'admin' }
🚀 Server running on http://0.0.0.0:3005
✅ Connected to PostgreSQL database IGUServices
✅ Table 'programs' ensured to exist.
✅ Table 'course_syllabus' ensured to exist.
✅ Table 'auth' ensured to exist.
✅ Table 'curriculum_drafts' ensured to exist.
📥 Received Login Request: { username: 'admin' }
✅ Login successful for user: admin
👤 User session found: { name: 'admin', role: 'admin', department: null }
📥 Received Registration Request: { username: 'test1' }
✅ Registration successful for user: test1
👤 User session found: { name: 'admin', role: 'admin', department: null }
✅ User logged out successfully.
📥 Received Login Request: { username: 'test1' }
✅ Login successful for user: test1
👤 User session found: { name: 'test1', role: 'admin', department: null }
✅ User logged out successfully.
📥 Received Login Request: { username: 'admin' }
✅ Login successful for user: admin
👤 User session found: { name: 'admin', role: 'admin', department: null }
📥 Received Edit Password Request: { username: 'admin' }
✅ Password updated successfully for user: admin
👤 User session found: { name: 'admin', role: 'admin', department: null }
✅ User logged out successfully.
📥 Received Login Request: { username: 'teacher' }
✅ Login successful for user: teacher
👤 User session found: { name: 'teacher', role: 'user', department: null }
👤 User session found: { name: 'teacher', role: 'user', department: null }
👤 User session found: { name: 'teacher', role: 'user', department: null }
👤 User session found: { name: 'teacher', role: 'user', department: null }
👤 User session found: { name: 'teacher', role: 'user', department: null }
👤 User session found: { name: 'teacher', role: 'user', department: null }
✅ User logged out successfully.
📥 Received Login Request: { username: 'admin' }
✅ Login successful for user: admin
👤 User session found: { name: 'admin', role: 'admin', department: null }
✅ User logged out successfully.
📥 Received Login Request: { username: 'admin' }
✅ Login successful for user: admin
👤 User session found: { name: 'admin', role: 'admin', department: null }
👤 User session found: { name: 'admin', role: 'admin', department: null }
🚀 Server running on http://0.0.0.0:3005
✅ Connected to PostgreSQL database IGUServices
✅ Table 'auth' ensured to exist.
✅ Table 'programs' ensured to exist.
✅ Table 'course_syllabus' ensured to exist.
✅ Table 'curriculum_drafts' ensured to exist.
📥 Received Login Request: { username: 'admin' }
✅ Login successful for user: admin
👤 User session found: { name: 'admin', role: 'admin', department: null }
👤 User session found: { name: 'admin', role: 'admin', department: null }
✅ User logged out successfully.
📥 Received Login Request: { username: 'admin ' }
❌ Invalid credentials for user: admin 
📥 Received Login Request: { username: 'admin ' }
❌ Invalid credentials for user: admin 
🚀 Server running on http://0.0.0.0:3005
✅ Connected to PostgreSQL database IGUServices
✅ Table 'programs' ensured to exist.
✅ Table 'course_syllabus' ensured to exist.
✅ Table 'auth' ensured to exist.
✅ Table 'curriculum_drafts' ensured to exist.
📥 Received Login Request: { username: 'admin' }
✅ Login successful for user: admin
👤 User session found: { name: 'admin', role: 'admin', department: null }
👤 User session found: { name: 'admin', role: 'admin', department: null }
👤 User session found: { name: 'admin', role: 'admin', department: null }
📥 Received Login Request: { username: 'admin' }
✅ Login successful for user: admin
👤 User session found: { name: 'admin', role: 'admin', department: null }
👤 User session found: { name: 'admin', role: 'admin', department: null }
👤 User session found: { name: 'admin', role: 'admin', department: null }
📥 Received Login Request: { username: 'admin ' }
❌ Invalid credentials for user: admin 
📥 Received Login Request: { username: 'admin' }
✅ Login successful for user: admin
👤 User session found: { name: 'admin', role: 'admin', department: null }
📥 Received Login Request: { username: 'admin' }
✅ Login successful for user: admin
👤 User session found: { name: 'admin', role: 'admin', department: null }
👤 User session found: { name: 'admin', role: 'admin', department: null }
👤 User session found: { name: 'admin', role: 'admin', department: null }
👤 User session found: { name: 'admin', role: 'admin', department: null }
✅ User logged out successfully.
📥 Received Login Request: { username: 'admin' }
✅ Login successful for user: admin
👤 User session found: { name: 'admin', role: 'admin', department: null }
👤 User session found: { name: 'admin', role: 'admin', department: null }
👤 User session found: { name: 'admin', role: 'admin', department: null }
📥 Received Login Request: { username: 'admin' }
❌ Invalid credentials for user: admin
📥 Received Login Request: { username: 'admin' }
✅ Login successful for user: admin
👤 User session found: { name: 'admin', role: 'admin', department: null }
📥 Received Login Request: { username: 'Admin ' }
❌ Invalid credentials for user: Admin 
📥 Received Login Request: { username: 'admin' }
✅ Login successful for user: admin
👤 User session found: { name: 'admin', role: 'admin', department: null }
📥 Received Login Request: { username: 'admin' }
✅ Login successful for user: admin
👤 User session found: { name: 'admin', role: 'admin', department: null }
👤 User session found: { name: 'admin', role: 'admin', department: null }
👤 User session found: { name: 'admin', role: 'admin', department: null }
📥 Received Login Request: { username: 'admin' }
✅ Login successful for user: admin
👤 User session found: { name: 'admin', role: 'admin', department: null }
👤 User session found: { name: 'admin', role: 'admin', department: null }
📥 Received Login Request: { username: 'admin' }
✅ Login successful for user: admin
👤 User session found: { name: 'admin', role: 'admin', department: null }
👤 User session found: { name: 'admin', role: 'admin', department: null }
👤 User session found: { name: 'admin', role: 'admin', department: null }
👤 User session found: { name: 'admin', role: 'admin', department: null }
📥 Received Login Request: { username: 'admin' }
✅ Login successful for user: admin
👤 User session found: { name: 'admin', role: 'admin', department: null }
📥 Received Login Request: { username: 'admin' }
✅ Login successful for user: admin
👤 User session found: { name: 'admin', role: 'admin', department: null }
👤 User session found: { name: 'admin', role: 'admin', department: null }
📥 Received Login Request: { username: 'admin' }
✅ Login successful for user: admin
👤 User session found: { name: 'admin', role: 'admin', department: null }
👤 User session found: { name: 'admin', role: 'admin', department: null }
👤 User session found: { name: 'admin', role: 'admin', department: null }
👤 User session found: { name: 'admin', role: 'admin', department: null }
📥 Received Login Request: { username: 'admin' }
✅ Login successful for user: admin
👤 User session found: { name: 'admin', role: 'admin', department: null }
👤 User session found: { name: 'admin', role: 'admin', department: null }
📥 Received Login Request: { username: 'admin' }
✅ Login successful for user: admin
👤 User session found: { name: 'admin', role: 'admin', department: null }
🚀 Server running on http://0.0.0.0:3005
✅ Connected to PostgreSQL database IGUServices
✅ Table 'curriculum_drafts' ensured to exist.
✅ Table 'course_syllabus' ensured to exist.
✅ Table 'programs' ensured to exist.
✅ Table 'auth' ensured to exist.
📥 Received Login Request: { username: 'admin' }
✅ Login successful for user: admin
👤 User session found: { name: 'admin', role: 'admin', department: null }
📥 Received Login Request: { username: 'admin' }
✅ Login successful for user: admin
👤 User session found: { name: 'admin', role: 'admin', department: null }
📥 Received Login Request: { username: 'admin' }
✅ Login successful for user: admin
👤 User session found: { name: 'admin', role: 'admin', department: null }
👤 User session found: { name: 'admin', role: 'admin', department: null }
👤 User session found: { name: 'admin', role: 'admin', department: null }
📥 Received Login Request: { username: 'admin' }
✅ Login successful for user: admin
👤 User session found: { name: 'admin', role: 'admin', department: null }
👤 User session found: { name: 'admin', role: 'admin', department: null }
📥 Received Login Request: { username: 'admin' }
✅ Login successful for user: admin
👤 User session found: { name: 'admin', role: 'admin', department: null }
👤 User session found: { name: 'admin', role: 'admin', department: null }
👤 User session found: { name: 'admin', role: 'admin', department: null }
🚀 Server running on http://0.0.0.0:3005
✅ Connected to PostgreSQL database IGUServices
✅ Table 'auth' ensured to exist.
✅ Table 'course_syllabus' ensured to exist.
✅ Table 'programs' ensured to exist.
✅ Table 'curriculum_drafts' ensured to exist.
📥 Received Login Request: { username: 'admin' }
✅ Login successful for user: admin
👤 User session found: { name: 'admin', role: 'admin', department: null }
👤 User session found: { name: 'admin', role: 'admin', department: null }
📥 Received Login Request: { username: 'admin' }
✅ Login successful for user: admin
👤 User session found: { name: 'admin', role: 'admin', department: null }
👤 User session found: { name: 'admin', role: 'admin', department: null }
👤 User session found: { name: 'admin', role: 'admin', department: null }
👤 User session found: { name: 'admin', role: 'admin', department: null }
👤 User session found: { name: 'admin', role: 'admin', department: null }
👤 User session found: { name: 'admin', role: 'admin', department: null }
👤 User session found: { name: 'admin', role: 'admin', department: null }
✅ User logged out successfully.
📥 Received Login Request: { username: 'admin' }
❌ Invalid credentials for user: admin
📥 Received Login Request: { username: 'admin' }
✅ Login successful for user: admin
📥 Received Login Request: { username: 'admin' }
✅ Login successful for user: admin
📥 Received Login Request: { username: 'admin' }
✅ Login successful for user: admin
👤 User session found: { name: 'admin', role: 'admin', department: null }
👤 User session found: { name: 'admin', role: 'admin', department: null }
👤 User session found: { name: 'admin', role: 'admin', department: null }
📥 Received Login Request: { username: 'admin' }
✅ Login successful for user: admin
👤 User session found: { name: 'admin', role: 'admin', department: null }
👤 User session found: { name: 'admin', role: 'admin', department: null }
🚀 Server running on http://0.0.0.0:3005
✅ Connected to PostgreSQL database IGUServices
✅ Table 'auth' ensured to exist.
✅ Table 'course_syllabus' ensured to exist.
✅ Table 'programs' ensured to exist.
✅ Table 'curriculum_drafts' ensured to exist.
📥 Received Login Request: { username: 'admin' }
✅ Login successful for user: admin
👤 User session found: { name: 'admin', role: 'admin', department: null }
👤 User session found: { name: 'admin', role: 'admin', department: null }
👤 User session found: { name: 'admin', role: 'admin', department: null }
👤 User session found: { name: 'admin', role: 'admin', department: null }
👤 User session found: { name: 'admin', role: 'admin', department: null }
🚀 Server running on http://0.0.0.0:3005
✅ Connected to PostgreSQL database IGUServices
✅ Table 'programs' ensured to exist.
✅ Table 'course_syllabus' ensured to exist.
✅ Table 'auth' ensured to exist.
✅ Table 'curriculum_drafts' ensured to exist.
📥 Received Login Request: { username: 'admin' }
✅ Login successful for user: admin
👤 User session found: { name: 'admin', role: 'admin', department: null }
👤 User session found: { name: 'admin', role: 'admin', department: null }
👤 User session found: { name: 'admin', role: 'admin', department: null }
🚀 Server running on http://0.0.0.0:3005
✅ Table 'auth' ensured to exist.
✅ Table 'programs' ensured to exist.
✅ Table 'course_syllabus' ensured to exist.
✅ Table 'curriculum_drafts' ensured to exist.
✅ Connected to PostgreSQL database IGUServices
📥 Received Login Request: { username: 'admin' }
✅ Login successful for user: admin
👤 User session found: { name: 'admin', role: 'admin', department: null }
📥 Received Login Request: { username: 'admin' }
❌ Invalid credentials for user: admin
📥 Received Login Request: { username: 'admin' }
✅ Login successful for user: admin
👤 User session found: { name: 'admin', role: 'admin', department: null }
🚀 Server running on http://0.0.0.0:3005
✅ Connected to PostgreSQL database IGUServices
✅ Table 'auth' ensured to exist.
✅ Table 'programs' ensured to exist.
✅ Table 'course_syllabus' ensured to exist.
✅ Table 'curriculum_drafts' ensured to exist.
📥 Received Login Request: { username: 'admin' }
✅ Login successful for user: admin
👤 User session found: { name: 'admin', role: 'admin', department: null }
👤 User session found: { name: 'admin', role: 'admin', department: null }
👤 User session found: { name: 'admin', role: 'admin', department: null }
📥 Received Registration Request: { username: 'computer' }
✅ Registration successful for user: computer
👤 User session found: { name: 'admin', role: 'admin', department: null }
✅ User logged out successfully.
📥 Received Login Request: { username: 'computer' }
✅ Login successful for user: computer
👤 User session found: {
  name: 'computer',
  role: 'admin',
  department: 'Computer Science & Engineering'
}
👤 User session found: {
  name: 'computer',
  role: 'admin',
  department: 'Computer Science & Engineering'
}
👤 User session found: {
  name: 'computer',
  role: 'admin',
  department: 'Computer Science & Engineering'
}
🚀 Server running on http://0.0.0.0:3005
✅ Connected to PostgreSQL database IGUServices
✅ Table 'programs' ensured to exist.
✅ Table 'auth' ensured to exist.
✅ Table 'course_syllabus' ensured to exist.
✅ Table 'curriculum_drafts' ensured to exist.
📥 Received Login Request: { username: 'computer' }
✅ Login successful for user: computer
👤 User session found: {
  name: 'computer',
  role: 'admin',
  department: 'Computer Science & Engineering'
}
👤 User session found: {
  name: 'computer',
  role: 'admin',
  department: 'Computer Science & Engineering'
}
👤 User session found: {
  name: 'computer',
  role: 'admin',
  department: 'Computer Science & Engineering'
}
✅ User logged out successfully.
📥 Received Login Request: { username: 'admin' }
✅ Login successful for user: admin
👤 User session found: { name: 'admin', role: 'admin', department: null }
📥 Received Registration Request: { username: 'botany' }
✅ Registration successful for user: botany
👤 User session found: { name: 'admin', role: 'admin', department: null }
👤 User session found: { name: 'admin', role: 'admin', department: null }
📥 Received Login Request: { username: 'admin' }
✅ Login successful for user: admin
👤 User session found: { name: 'admin', role: 'admin', department: null }
📥 Received Login Request: { username: 'admin' }
❌ Invalid credentials for user: admin
📥 Received Login Request: { username: 'admin' }
✅ Login successful for user: admin
👤 User session found: { name: 'admin', role: 'admin', department: null }
👤 User session found: { name: 'admin', role: 'admin', department: null }
👤 User session found: { name: 'admin', role: 'admin', department: null }
👤 User session found: { name: 'admin', role: 'admin', department: null }
👤 User session found: { name: 'admin', role: 'admin', department: null }
🚀 Server running on http://0.0.0.0:3005
✅ Table 'auth' ensured to exist.
✅ Connected to PostgreSQL database IGUServices
✅ Table 'programs' ensured to exist.
✅ Table 'course_syllabus' ensured to exist.
✅ Table 'curriculum_drafts' ensured to exist.
📥 Received Login Request: { username: 'admin' }
✅ Login successful for user: admin
👤 User session found: { name: 'admin', role: 'admin', department: null }
📥 Received Login Request: { username: 'admin ' }
❌ Invalid credentials for user: admin 
🚀 Server running on http://0.0.0.0:3005
✅ Connected to PostgreSQL database IGUServices
✅ Table 'auth' ensured to exist.
✅ Table 'course_syllabus' ensured to exist.
✅ Table 'programs' ensured to exist.
✅ Table 'curriculum_drafts' ensured to exist.
🚀 Server running on http://0.0.0.0:3005
✅ Connected to PostgreSQL database IGUServices
✅ Table 'auth' ensured to exist.
✅ Table 'programs' ensured to exist.
✅ Table 'course_syllabus' ensured to exist.
✅ Table 'curriculum_drafts' ensured to exist.
📥 Received Login Request: { username: 'admin' }
✅ Login successful for user: admin
👤 User session found: { name: 'admin', role: 'admin', department: null }
🚀 Server running on http://0.0.0.0:3005
✅ Connected to PostgreSQL database IGUServices
✅ Table 'auth' ensured to exist.
✅ Table 'programs' ensured to exist.
✅ Table 'curriculum_drafts' ensured to exist.
✅ Table 'course_syllabus' ensured to exist.
📥 Received Login Request: { username: 'admin' }
✅ Login successful for user: admin
👤 User session found: { name: 'admin', role: 'admin', department: null }
🚀 Server running on http://0.0.0.0:3005
✅ Connected to PostgreSQL database IGUServices
✅ Table 'auth' ensured to exist.
✅ Table 'course_syllabus' ensured to exist.
✅ Table 'programs' ensured to exist.
✅ Table 'curriculum_drafts' ensured to exist.
📥 Received Login Request: { username: 'admin' }
✅ Login successful for user: admin
👤 User session found: { name: 'admin', role: 'admin', department: null }
📥 Received Login Request: { username: 'admin' }
✅ Login successful for user: admin
👤 User session found: { name: 'admin', role: 'admin', department: null }
👤 User session found: { name: 'admin', role: 'admin', department: null }
👤 User session found: { name: 'admin', role: 'admin', department: null }
📥 Received Login Request: { username: 'admin' }
✅ Login successful for user: admin
👤 User session found: { name: 'admin', role: 'admin', department: null }
📥 Received Login Request: { username: 'admin' }
✅ Login successful for user: admin
👤 User session found: { name: 'admin', role: 'admin', department: null }
📥 Received Login Request: { username: 'admin' }
✅ Login successful for user: admin
👤 User session found: { name: 'admin', role: 'admin', department: null }
👤 User session found: { name: 'admin', role: 'admin', department: null }
👤 User session found: { name: 'admin', role: 'admin', department: null }
📥 Received Login Request: { username: 'admin' }
✅ Login successful for user: admin
👤 User session found: { name: 'admin', role: 'admin', department: null }
👤 User session found: { name: 'admin', role: 'admin', department: null }
📥 Received Login Request: { username: 'admin' }
✅ Login successful for user: admin
👤 User session found: { name: 'admin', role: 'admin', department: null }
📥 Received Login Request: { username: 'admin' }
✅ Login successful for user: admin
👤 User session found: { name: 'admin', role: 'admin', department: null }
👤 User session found: { name: 'admin', role: 'admin', department: null }
📥 Received Login Request: { username: 'admin' }
✅ Login successful for user: admin
👤 User session found: { name: 'admin', role: 'admin', department: null }
👤 User session found: { name: 'admin', role: 'admin', department: null }
👤 User session found: { name: 'admin', role: 'admin', department: null }
👤 User session found: { name: 'admin', role: 'admin', department: null }
👤 User session found: { name: 'admin', role: 'admin', department: null }
👤 User session found: { name: 'admin', role: 'admin', department: null }
👤 User session found: { name: 'admin', role: 'admin', department: null }
🚀 Server running on http://0.0.0.0:3005
✅ Connected to PostgreSQL database IGUServices
✅ Table 'auth' ensured to exist.
✅ Table 'programs' ensured to exist.
✅ Table 'curriculum_drafts' ensured to exist.
✅ Table 'course_syllabus' ensured to exist.
📥 Received Login Request: { username: 'admin' }
✅ Login successful for user: admin
👤 User session found: { name: 'admin', role: 'admin', department: null }
👤 User session found: { name: 'admin', role: 'admin', department: null }
👤 User session found: { name: 'admin', role: 'admin', department: null }
👤 User session found: { name: 'admin', role: 'admin', department: null }
👤 User session found: { name: 'admin', role: 'admin', department: null }
📥 Received Login Request: { username: 'admin' }
✅ Login successful for user: admin
👤 User session found: { name: 'admin', role: 'admin', department: null }
👤 User session found: { name: 'admin', role: 'admin', department: null }
📥 Received Login Request: { username: 'admin' }
✅ Login successful for user: admin
👤 User session found: { name: 'admin', role: 'admin', department: null }
📥 Received Login Request: { username: 'admin' }
✅ Login successful for user: admin
👤 User session found: { name: 'admin', role: 'admin', department: null }
👤 User session found: { name: 'admin', role: 'admin', department: null }
📥 Received Login Request: { username: 'sunil.polioticalscience@gmail.com' }
❌ Invalid credentials for user: sunil.polioticalscience@gmail.com
📥 Received Login Request: { username: 'sunil.polioticalscience@gmail.com' }
❌ Invalid credentials for user: sunil.polioticalscience@gmail.com
📥 Received Login Request: { username: ' admin' }
❌ Invalid credentials for user:  admin
📥 Received Login Request: { username: ' admin' }
❌ Invalid credentials for user:  admin
📥 Received Login Request: { username: ' admin' }
❌ Invalid credentials for user:  admin
📥 Received Login Request: { username: 'admin' }
✅ Login successful for user: admin
👤 User session found: { name: 'admin', role: 'admin', department: null }
📥 Received Login Request: { username: 'admin' }
✅ Login successful for user: admin
👤 User session found: { name: 'admin', role: 'admin', department: null }
👤 User session found: { name: 'admin', role: 'admin', department: null }
👤 User session found: { name: 'admin', role: 'admin', department: null }
✅ User logged out successfully.
🚀 Server running on http://0.0.0.0:3005
✅ Table 'programs' ensured to exist.
✅ Table 'curriculum_drafts' ensured to exist.
✅ Table 'auth' ensured to exist.
✅ Table 'course_syllabus' ensured to exist.
✅ Connected to PostgreSQL database IGUServices
📥 Received Login Request: { username: ' admin' }
❌ Invalid credentials for user:  admin
📥 Received Login Request: { username: 'admin' }
✅ Login successful for user: admin
👤 User session found: { name: 'admin', role: 'admin', department: null }
👤 User session found: { name: 'admin', role: 'admin', department: null }
📥 Received Login Request: { username: 'admin' }
✅ Login successful for user: admin
👤 User session found: { name: 'admin', role: 'admin', department: null }
📥 Received Login Request: { username: 'admin' }
✅ Login successful for user: admin
👤 User session found: { name: 'admin', role: 'admin', department: null }
👤 User session found: { name: 'admin', role: 'admin', department: null }
📥 Received Login Request: { username: 'admin' }
✅ Login successful for user: admin
👤 User session found: { name: 'admin', role: 'admin', department: null }
👤 User session found: { name: 'admin', role: 'admin', department: null }
👤 User session found: { name: 'admin', role: 'admin', department: null }
📥 Received Login Request: { username: 'admin' }
✅ Login successful for user: admin
👤 User session found: { name: 'admin', role: 'admin', department: null }
👤 User session found: { name: 'admin', role: 'admin', department: null }
👤 User session found: { name: 'admin', role: 'admin', department: null }
👤 User session found: { name: 'admin', role: 'admin', department: null }
📥 Received Login Request: { username: 'admin' }
✅ Login successful for user: admin
👤 User session found: { name: 'admin', role: 'admin', department: null }
👤 User session found: { name: 'admin', role: 'admin', department: null }
📥 Received Login Request: { username: 'admin' }
✅ Login successful for user: admin
👤 User session found: { name: 'admin', role: 'admin', department: null }
👤 User session found: { name: 'admin', role: 'admin', department: null }
📥 Received Login Request: { username: 'admin' }
✅ Login successful for user: admin
👤 User session found: { name: 'admin', role: 'admin', department: null }
📥 Received Login Request: { username: 'admin' }
✅ Login successful for user: admin
👤 User session found: { name: 'admin', role: 'admin', department: null }
✅ User logged out successfully.
📥 Received Login Request: { username: 'computer' }
✅ Login successful for user: computer
👤 User session found: {
  name: 'computer',
  role: 'admin',
  department: 'Computer Science & Engineering'
}
👤 User session found: {
  name: 'computer',
  role: 'admin',
  department: 'Computer Science & Engineering'
}
👤 User session found: {
  name: 'computer',
  role: 'admin',
  department: 'Computer Science & Engineering'
}
👤 User session found: {
  name: 'computer',
  role: 'admin',
  department: 'Computer Science & Engineering'
}
✅ User logged out successfully.
📥 Received Login Request: { username: 'admin' }
✅ Login successful for user: admin
👤 User session found: { name: 'admin', role: 'admin', department: null }
📥 Received Login Request: { username: 'admin' }
✅ Login successful for user: admin
👤 User session found: { name: 'admin', role: 'admin', department: null }
📥 Received Login Request: { username: 'admin' }
✅ Login successful for user: admin
📥 Received Login Request: { username: 'admin' }
✅ Login successful for user: admin
👤 User session found: { name: 'admin', role: 'admin', department: null }
👤 User session found: { name: 'admin', role: 'admin', department: null }
👤 User session found: { name: 'admin', role: 'admin', department: null }
👤 User session found: { name: 'admin', role: 'admin', department: null }
📥 Received Login Request: { username: 'admin' }
✅ Login successful for user: admin
👤 User session found: { name: 'admin', role: 'admin', department: null }
📥 Received Login Request: { username: 'admin' }
✅ Login successful for user: admin
👤 User session found: { name: 'admin', role: 'admin', department: null }
👤 User session found: { name: 'admin', role: 'admin', department: null }
👤 User session found: { name: 'admin', role: 'admin', department: null }
👤 User session found: { name: 'admin', role: 'admin', department: null }
👤 User session found: { name: 'admin', role: 'admin', department: null }
📥 Received Login Request: { username: 'admin ' }
❌ Invalid credentials for user: admin 
👤 User session found: { name: 'admin', role: 'admin', department: null }
📥 Received Login Request: { username: 'admin ' }
❌ Invalid credentials for user: admin 
📥 Received Login Request: { username: 'admin ' }
❌ Invalid credentials for user: admin 
👤 User session found: { name: 'admin', role: 'admin', department: null }
📥 Received Login Request: { username: 'admin ' }
❌ Invalid credentials for user: admin 
📥 Received Login Request: { username: 'admin ' }
❌ Invalid credentials for user: admin 
👤 User session found: { name: 'admin', role: 'admin', department: null }
👤 User session found: { name: 'admin', role: 'admin', department: null }
📥 Received Login Request: { username: 'admin ' }
❌ Invalid credentials for user: admin 
👤 User session found: { name: 'admin', role: 'admin', department: null }
📥 Received Login Request: { username: 'admin ' }
❌ Invalid credentials for user: admin 
📥 Received Login Request: { username: 'admin' }
✅ Login successful for user: admin
👤 User session found: { name: 'admin', role: 'admin', department: null }
👤 User session found: { name: 'admin', role: 'admin', department: null }
👤 User session found: { name: 'admin', role: 'admin', department: null }
👤 User session found: { name: 'admin', role: 'admin', department: null }
👤 User session found: { name: 'admin', role: 'admin', department: null }
📥 Received Login Request: { username: 'admin ' }
❌ Invalid credentials for user: admin 
📥 Received Login Request: { username: 'admin ' }
❌ Invalid credentials for user: admin 
📥 Received Login Request: { username: 'admin ' }
❌ Invalid credentials for user: admin 
📥 Received Login Request: { username: 'edmin' }
❌ Invalid credentials for user: edmin
👤 User session found: { name: 'admin', role: 'admin', department: null }
👤 User session found: { name: 'admin', role: 'admin', department: null }
👤 User session found: { name: 'admin', role: 'admin', department: null }
📥 Received Login Request: { username: 'admin' }
✅ Login successful for user: admin
👤 User session found: { name: 'admin', role: 'admin', department: null }
📥 Received Login Request: { username: 'admin' }
✅ Login successful for user: admin
👤 User session found: { name: 'admin', role: 'admin', department: null }
👤 User session found: { name: 'admin', role: 'admin', department: null }
👤 User session found: { name: 'admin', role: 'admin', department: null }
📥 Received Login Request: { username: ' admin' }
❌ Invalid credentials for user:  admin
📥 Received Login Request: { username: 'admin' }
✅ Login successful for user: admin
👤 User session found: { name: 'admin', role: 'admin', department: null }
📥 Received Login Request: { username: 'admin' }
✅ Login successful for user: admin
👤 User session found: { name: 'admin', role: 'admin', department: null }
👤 User session found: { name: 'admin', role: 'admin', department: null }
📥 Received Login Request: { username: 'admin' }
✅ Login successful for user: admin
👤 User session found: { name: 'admin', role: 'admin', department: null }
👤 User session found: { name: 'admin', role: 'admin', department: null }
📥 Received Login Request: { username: 'admin' }
✅ Login successful for user: admin
👤 User session found: { name: 'admin', role: 'admin', department: null }
👤 User session found: { name: 'admin', role: 'admin', department: null }
📥 Received Login Request: { username: 'admin ' }
❌ Invalid credentials for user: admin 
📥 Received Login Request: { username: 'admin ' }
❌ Invalid credentials for user: admin 
👤 User session found: { name: 'admin', role: 'admin', department: null }
📥 Received Login Request: { username: 'admin' }
✅ Login successful for user: admin
👤 User session found: { name: 'admin', role: 'admin', department: null }
👤 User session found: { name: 'admin', role: 'admin', department: null }
👤 User session found: { name: 'admin', role: 'admin', department: null }
📥 Received Login Request: { username: 'admin' }
✅ Login successful for user: admin
👤 User session found: { name: 'admin', role: 'admin', department: null }
📥 Received Login Request: { username: 'admin' }
✅ Login successful for user: admin
👤 User session found: { name: 'admin', role: 'admin', department: null }
👤 User session found: { name: 'admin', role: 'admin', department: null }
📥 Received Login Request: { username: 'admin' }
✅ Login successful for user: admin
👤 User session found: { name: 'admin', role: 'admin', department: null }
📥 Received Login Request: { username: 'admin' }
✅ Login successful for user: admin
👤 User session found: { name: 'admin', role: 'admin', department: null }
👤 User session found: { name: 'admin', role: 'admin', department: null }
👤 User session found: { name: 'admin', role: 'admin', department: null }
👤 User session found: { name: 'admin', role: 'admin', department: null }
👤 User session found: { name: 'admin', role: 'admin', department: null }
📥 Received Login Request: { username: 'admin ' }
❌ Invalid credentials for user: admin 
📥 Received Login Request: { username: 'admin' }
✅ Login successful for user: admin
👤 User session found: { name: 'admin', role: 'admin', department: null }
📥 Received Login Request: { username: 'admin' }
✅ Login successful for user: admin
👤 User session found: { name: 'admin', role: 'admin', department: null }
👤 User session found: { name: 'admin', role: 'admin', department: null }
👤 User session found: { name: 'admin', role: 'admin', department: null }
👤 User session found: { name: 'admin', role: 'admin', department: null }
👤 User session found: { name: 'admin', role: 'admin', department: null }
👤 User session found: { name: 'admin', role: 'admin', department: null }
👤 User session found: { name: 'admin', role: 'admin', department: null }
👤 User session found: { name: 'admin', role: 'admin', department: null }
👤 User session found: { name: 'admin', role: 'admin', department: null }
📥 Received Login Request: { username: 'admin ' }
❌ Invalid credentials for user: admin 
📥 Received Login Request: { username: 'admin ' }
❌ Invalid credentials for user: admin 
📥 Received Login Request: { username: 'admin ' }
❌ Invalid credentials for user: admin 
📥 Received Login Request: { username: 'admin' }
✅ Login successful for user: admin
👤 User session found: { name: 'admin', role: 'admin', department: null }
📥 Received Login Request: { username: 'admin ' }
❌ Invalid credentials for user: admin 
📥 Received Login Request: { username: 'admin ' }
❌ Invalid credentials for user: admin 
📥 Received Login Request: { username: 'admin ' }
❌ Invalid credentials for user: admin 
📥 Received Login Request: { username: 'admin ' }
❌ Invalid credentials for user: admin 
📥 Received Login Request: { username: 'admin ' }
❌ Invalid credentials for user: admin 
📥 Received Login Request: { username: 'admin' }
✅ Login successful for user: admin
👤 User session found: { name: 'admin', role: 'admin', department: null }
📥 Received Login Request: { username: 'admin' }
✅ Login successful for user: admin
👤 User session found: { name: 'admin', role: 'admin', department: null }
📥 Received Login Request: { username: 'Admin' }
❌ Invalid credentials for user: Admin
📥 Received Login Request: { username: 'admin' }
✅ Login successful for user: admin
👤 User session found: { name: 'admin', role: 'admin', department: null }
📥 Received Login Request: { username: 'admin ' }
❌ Invalid credentials for user: admin 
👤 User session found: { name: 'admin', role: 'admin', department: null }
📥 Received Login Request: { username: 'admin' }
✅ Login successful for user: admin
👤 User session found: { name: 'admin', role: 'admin', department: null }
📥 Received Login Request: { username: ' admin' }
❌ Invalid credentials for user:  admin
📥 Received Login Request: { username: ' admin' }
❌ Invalid credentials for user:  admin
📥 Received Login Request: { username: 'admin' }
✅ Login successful for user: admin
👤 User session found: { name: 'admin', role: 'admin', department: null }
📥 Received Login Request: { username: 'admin ' }
❌ Invalid credentials for user: admin 
📥 Received Login Request: { username: 'admin ' }
❌ Invalid credentials for user: admin 
📥 Received Login Request: { username: 'admin ' }
❌ Invalid credentials for user: admin 
📥 Received Login Request: { username: 'admin' }
✅ Login successful for user: admin
👤 User session found: { name: 'admin', role: 'admin', department: null }
📥 Received Login Request: { username: 'admin' }
✅ Login successful for user: admin
👤 User session found: { name: 'admin', role: 'admin', department: null }
📥 Received Login Request: { username: 'admin ' }
❌ Invalid credentials for user: admin 
👤 User session found: { name: 'admin', role: 'admin', department: null }
👤 User session found: { name: 'admin', role: 'admin', department: null }
📥 Received Login Request: { username: 'admin' }
✅ Login successful for user: admin
👤 User session found: { name: 'admin', role: 'admin', department: null }
📥 Received Login Request: { username: 'admin ' }
❌ Invalid credentials for user: admin 
👤 User session found: { name: 'admin', role: 'admin', department: null }
👤 User session found: { name: 'admin', role: 'admin', department: null }
👤 User session found: { name: 'admin', role: 'admin', department: null }
👤 User session found: { name: 'admin', role: 'admin', department: null }
👤 User session found: { name: 'admin', role: 'admin', department: null }
👤 User session found: { name: 'admin', role: 'admin', department: null }
👤 User session found: { name: 'admin', role: 'admin', department: null }
📥 Received Login Request: { username: 'admin ' }
❌ Invalid credentials for user: admin 
📥 Received Login Request: { username: 'admin' }
✅ Login successful for user: admin
👤 User session found: { name: 'admin', role: 'admin', department: null }
👤 User session found: { name: 'admin', role: 'admin', department: null }
👤 User session found: { name: 'admin', role: 'admin', department: null }
📥 Received Login Request: { username: 'admin ' }
❌ Invalid credentials for user: admin 
📥 Received Login Request: { username: 'admin ' }
❌ Invalid credentials for user: admin 
👤 User session found: { name: 'admin', role: 'admin', department: null }
👤 User session found: { name: 'admin', role: 'admin', department: null }
👤 User session found: { name: 'admin', role: 'admin', department: null }
📥 Received Login Request: { username: 'admin ' }
❌ Invalid credentials for user: admin 
📥 Received Login Request: { username: 'admin ' }
❌ Invalid credentials for user: admin 
👤 User session found: { name: 'admin', role: 'admin', department: null }
👤 User session found: { name: 'admin', role: 'admin', department: null }
👤 User session found: { name: 'admin', role: 'admin', department: null }
👤 User session found: { name: 'admin', role: 'admin', department: null }
👤 User session found: { name: 'admin', role: 'admin', department: null }
👤 User session found: { name: 'admin', role: 'admin', department: null }
📥 Received Login Request: { username: 'admin ' }
❌ Invalid credentials for user: admin 
👤 User session found: { name: 'admin', role: 'admin', department: null }
📥 Received Login Request: { username: 'admin' }
✅ Login successful for user: admin
👤 User session found: { name: 'admin', role: 'admin', department: null }
👤 User session found: { name: 'admin', role: 'admin', department: null }
📥 Received Login Request: { username: 'admin' }
✅ Login successful for user: admin
👤 User session found: { name: 'admin', role: 'admin', department: null }
📥 Received Login Request: { username: 'admin' }
✅ Login successful for user: admin
👤 User session found: { name: 'admin', role: 'admin', department: null }
📥 Received Login Request: { username: 'admin' }
✅ Login successful for user: admin
👤 User session found: { name: 'admin', role: 'admin', department: null }
👤 User session found: { name: 'admin', role: 'admin', department: null }
👤 User session found: { name: 'admin', role: 'admin', department: null }
👤 User session found: { name: 'admin', role: 'admin', department: null }
👤 User session found: { name: 'admin', role: 'admin', department: null }
👤 User session found: { name: 'admin', role: 'admin', department: null }
👤 User session found: { name: 'admin', role: 'admin', department: null }
👤 User session found: { name: 'admin', role: 'admin', department: null }
👤 User session found: { name: 'admin', role: 'admin', department: null }
📥 Received Login Request: { username: 'admin' }
✅ Login successful for user: admin
👤 User session found: { name: 'admin', role: 'admin', department: null }
📥 Received Login Request: { username: 'admin' }
✅ Login successful for user: admin
👤 User session found: { name: 'admin', role: 'admin', department: null }
📥 Received Login Request: { username: 'admin' }
✅ Login successful for user: admin
👤 User session found: { name: 'admin', role: 'admin', department: null }
👤 User session found: { name: 'admin', role: 'admin', department: null }
👤 User session found: { name: 'admin', role: 'admin', department: null }
🚀 Server running on http://0.0.0.0:3005
✅ Connected to PostgreSQL database IGUServices
✅ Table 'programs' ensured to exist.
✅ Table 'auth' ensured to exist.
✅ Table 'course_syllabus' ensured to exist.
✅ Table 'curriculum_drafts' ensured to exist.
📥 Received Login Request: { username: 'admin' }
✅ Login successful for user: admin
👤 User session found: { name: 'admin', role: 'admin', department: null }
👤 User session found: { name: 'admin', role: 'admin', department: null }
🚀 Server running on http://0.0.0.0:3005
✅ Connected to PostgreSQL database IGUServices
✅ Table 'auth' ensured to exist.
✅ Table 'programs' ensured to exist.
✅ Table 'curriculum_drafts' ensured to exist.
✅ Table 'course_syllabus' ensured to exist.
📥 Received Login Request: { username: 'admin' }
✅ Login successful for user: admin
👤 User session found: { name: 'admin', role: 'admin', department: null }
🚀 Server running on http://0.0.0.0:3005
✅ Connected to PostgreSQL database IGUServices
✅ Table 'programs' ensured to exist.
✅ Table 'course_syllabus' ensured to exist.
✅ Table 'curriculum_drafts' ensured to exist.
✅ Table 'auth' ensured to exist.
📥 Received Login Request: { username: 'admin' }
✅ Login successful for user: admin
👤 User session found: { name: 'admin', role: 'admin', department: null }
👤 User session found: { name: 'admin', role: 'admin', department: null }
📥 Received Login Request: { username: 'admin' }
✅ Login successful for user: admin
👤 User session found: { name: 'admin', role: 'admin', department: null }
👤 User session found: { name: 'admin', role: 'admin', department: null }
👤 User session found: { name: 'admin', role: 'admin', department: null }
👤 User session found: { name: 'admin', role: 'admin', department: null }
👤 User session found: { name: 'admin', role: 'admin', department: null }
🚀 Server running on http://0.0.0.0:3005
✅ Connected to PostgreSQL database IGUServices
✅ Table 'auth' ensured to exist.
✅ Table 'programs' ensured to exist.
✅ Table 'course_syllabus' ensured to exist.
✅ Table 'curriculum_drafts' ensured to exist.
📥 Received Login Request: { username: 'admin' }
✅ Login successful for user: admin
👤 User session found: { name: 'admin', role: 'admin', department: null }
👤 User session found: { name: 'admin', role: 'admin', department: null }
🚀 Server running on http://0.0.0.0:3005
✅ Connected to PostgreSQL database IGUServices
✅ Table 'auth' ensured to exist.
✅ Table 'course_syllabus' ensured to exist.
✅ Table 'programs' ensured to exist.
✅ Table 'curriculum_drafts' ensured to exist.
📥 Received Login Request: { username: 'admin' }
✅ Login successful for user: admin
👤 User session found: { name: 'admin', role: 'admin', department: null }
🚀 Server running on http://0.0.0.0:3005
✅ Connected to PostgreSQL database IGUServices
✅ Table 'programs' ensured to exist.
✅ Table 'auth' ensured to exist.
✅ Table 'course_syllabus' ensured to exist.
✅ Table 'curriculum_drafts' ensured to exist.
📥 Received Login Request: { username: 'admin' }
✅ Login successful for user: admin
👤 User session found: { name: 'admin', role: 'admin', department: null }
📥 Received Login Request: { username: 'admin' }
✅ Login successful for user: admin
👤 User session found: { name: 'admin', role: 'admin', department: null }
👤 User session found: { name: 'admin', role: 'admin', department: null }
👤 User session found: { name: 'admin', role: 'admin', department: null }
📥 Received Login Request: { username: 'admin' }
✅ Login successful for user: admin
👤 User session found: { name: 'admin', role: 'admin', department: null }
👤 User session found: { name: 'admin', role: 'admin', department: null }
👤 User session found: { name: 'admin', role: 'admin', department: null }
👤 User session found: { name: 'admin', role: 'admin', department: null }
👤 User session found: { name: 'admin', role: 'admin', department: null }
📥 Received Login Request: { username: 'admin' }
✅ Login successful for user: admin
👤 User session found: { name: 'admin', role: 'admin', department: null }
📥 Received Login Request: { username: 'admin' }
✅ Login successful for user: admin
👤 User session found: { name: 'admin', role: 'admin', department: null }
📥 Received Login Request: { username: 'admin' }
✅ Login successful for user: admin
👤 User session found: { name: 'admin', role: 'admin', department: null }
👤 User session found: { name: 'admin', role: 'admin', department: null }
📥 Received Login Request: { username: 'admin' }
✅ Login successful for user: admin
👤 User session found: { name: 'admin', role: 'admin', department: null }
📥 Received Login Request: { username: 'admin' }
✅ Login successful for user: admin
👤 User session found: { name: 'admin', role: 'admin', department: null }
👤 User session found: { name: 'admin', role: 'admin', department: null }
👤 User session found: { name: 'admin', role: 'admin', department: null }
👤 User session found: { name: 'admin', role: 'admin', department: null }
👤 User session found: { name: 'admin', role: 'admin', department: null }
📥 Received Login Request: { username: 'admin' }
✅ Login successful for user: admin
👤 User session found: { name: 'admin', role: 'admin', department: null }
👤 User session found: { name: 'admin', role: 'admin', department: null }
👤 User session found: { name: 'admin', role: 'admin', department: null }
👤 User session found: { name: 'admin', role: 'admin', department: null }
📥 Received Login Request: { username: 'admin' }
✅ Login successful for user: admin
👤 User session found: { name: 'admin', role: 'admin', department: null }
👤 User session found: { name: 'admin', role: 'admin', department: null }
👤 User session found: { name: 'admin', role: 'admin', department: null }
👤 User session found: { name: 'admin', role: 'admin', department: null }
📥 Received Login Request: { username: 'admin' }
✅ Login successful for user: admin
👤 User session found: { name: 'admin', role: 'admin', department: null }
👤 User session found: { name: 'admin', role: 'admin', department: null }
✅ User logged out successfully.
📥 Received Login Request: { username: 'admin' }
✅ Login successful for user: admin
👤 User session found: { name: 'admin', role: 'admin', department: null }
📥 Received Login Request: { username: 'admin' }
✅ Login successful for user: admin
👤 User session found: { name: 'admin', role: 'admin', department: null }
👤 User session found: { name: 'admin', role: 'admin', department: null }
👤 User session found: { name: 'admin', role: 'admin', department: null }
👤 User session found: { name: 'admin', role: 'admin', department: null }
👤 User session found: { name: 'admin', role: 'admin', department: null }
👤 User session found: { name: 'admin', role: 'admin', department: null }
👤 User session found: { name: 'admin', role: 'admin', department: null }
👤 User session found: { name: 'admin', role: 'admin', department: null }
👤 User session found: { name: 'admin', role: 'admin', department: null }
📥 Received Login Request: { username: 'admin' }
✅ Login successful for user: admin
👤 User session found: { name: 'admin', role: 'admin', department: null }
👤 User session found: { name: 'admin', role: 'admin', department: null }
👤 User session found: { name: 'admin', role: 'admin', department: null }
👤 User session found: { name: 'admin', role: 'admin', department: null }
👤 User session found: { name: 'admin', role: 'admin', department: null }
📥 Received Login Request: { username: 'admin' }
✅ Login successful for user: admin
👤 User session found: { name: 'admin', role: 'admin', department: null }
👤 User session found: { name: 'admin', role: 'admin', department: null }
📥 Received Login Request: { username: 'admin' }
✅ Login successful for user: admin
👤 User session found: { name: 'admin', role: 'admin', department: null }
📥 Received Login Request: { username: 'admin ' }
❌ Invalid credentials for user: admin 
📥 Received Login Request: { username: 'admin ' }
❌ Invalid credentials for user: admin 
📥 Received Login Request: { username: 'admin ' }
❌ Invalid credentials for user: admin 
📥 Received Login Request: { username: 'admin' }
✅ Login successful for user: admin
👤 User session found: { name: 'admin', role: 'admin', department: null }
📥 Received Login Request: { username: 'admin ' }
❌ Invalid credentials for user: admin 
📥 Received Login Request: { username: 'admin ' }
❌ Invalid credentials for user: admin 
📥 Received Login Request: { username: 'admin' }
✅ Login successful for user: admin
👤 User session found: { name: 'admin', role: 'admin', department: null }
👤 User session found: { name: 'admin', role: 'admin', department: null }
👤 User session found: { name: 'admin', role: 'admin', department: null }
📥 Received Login Request: { username: 'admin' }
✅ Login successful for user: admin
👤 User session found: { name: 'admin', role: 'admin', department: null }
📥 Received Login Request: { username: 'admin' }
✅ Login successful for user: admin
👤 User session found: { name: 'admin', role: 'admin', department: null }
📥 Received Login Request: { username: 'admin' }
✅ Login successful for user: admin
👤 User session found: { name: 'admin', role: 'admin', department: null }
📥 Received Login Request: { username: 'admin' }
✅ Login successful for user: admin
👤 User session found: { name: 'admin', role: 'admin', department: null }
👤 User session found: { name: 'admin', role: 'admin', department: null }
👤 User session found: { name: 'admin', role: 'admin', department: null }
📥 Received Login Request: { username: 'admin' }
✅ Login successful for user: admin
👤 User session found: { name: 'admin', role: 'admin', department: null }
📥 Received Login Request: { username: 'admin' }
✅ Login successful for user: admin
👤 User session found: { name: 'admin', role: 'admin', department: null }
👤 User session found: { name: 'admin', role: 'admin', department: null }
👤 User session found: { name: 'admin', role: 'admin', department: null }
📥 Received Login Request: { username: 'admin ' }
❌ Invalid credentials for user: admin 
📥 Received Login Request: { username: 'admin' }
✅ Login successful for user: admin
👤 User session found: { name: 'admin', role: 'admin', department: null }
📥 Received Login Request: { username: 'admin' }
✅ Login successful for user: admin
👤 User session found: { name: 'admin', role: 'admin', department: null }
📥 Received Login Request: { username: 'admin ' }
❌ Invalid credentials for user: admin 
📥 Received Login Request: { username: 'admin ' }
❌ Invalid credentials for user: admin 
📥 Received Login Request: { username: 'admin' }
✅ Login successful for user: admin
👤 User session found: { name: 'admin', role: 'admin', department: null }
👤 User session found: { name: 'admin', role: 'admin', department: null }
📥 Received Login Request: { username: 'admin ' }
❌ Invalid credentials for user: admin 
📥 Received Login Request: { username: 'admin ' }
❌ Invalid credentials for user: admin 
📥 Received Login Request: { username: 'admin ' }
❌ Invalid credentials for user: admin 
📥 Received Login Request: { username: 'admin' }
✅ Login successful for user: admin
👤 User session found: { name: 'admin', role: 'admin', department: null }
👤 User session found: { name: 'admin', role: 'admin', department: null }
👤 User session found: { name: 'admin', role: 'admin', department: null }
✅ User logged out successfully.
📥 Received Login Request: { username: 'admin' }
✅ Login successful for user: admin
👤 User session found: { name: 'admin', role: 'admin', department: null }
📥 Received Login Request: { username: 'admin' }
✅ Login successful for user: admin
👤 User session found: { name: 'admin', role: 'admin', department: null }
👤 User session found: { name: 'admin', role: 'admin', department: null }
📥 Received Login Request: { username: 'admin' }
✅ Login successful for user: admin
👤 User session found: { name: 'admin', role: 'admin', department: null }
📥 Received Login Request: { username: 'admin' }
✅ Login successful for user: admin
👤 User session found: { name: 'admin', role: 'admin', department: null }
📥 Received Login Request: { username: 'admin' }
✅ Login successful for user: admin
👤 User session found: { name: 'admin', role: 'admin', department: null }
👤 User session found: { name: 'admin', role: 'admin', department: null }
👤 User session found: { name: 'admin', role: 'admin', department: null }
📥 Received Login Request: { username: 'admin' }
✅ Login successful for user: admin
👤 User session found: { name: 'admin', role: 'admin', department: null }
👤 User session found: { name: 'admin', role: 'admin', department: null }
👤 User session found: { name: 'admin', role: 'admin', department: null }
📥 Received Login Request: { username: 'admin' }
✅ Login successful for user: admin
👤 User session found: { name: 'admin', role: 'admin', department: null }
📥 Received Registration Request: { username: 'Bty123' }
✅ Registration successful for user: Bty123
👤 User session found: { name: 'admin', role: 'admin', department: null }
✅ User logged out successfully.
📥 Received Login Request: { username: 'admin' }
✅ Login successful for user: admin
👤 User session found: { name: 'admin', role: 'admin', department: null }
📥 Received Login Request: { username: 'Bty123' }
❌ Invalid credentials for user: Bty123
📥 Received Login Request: { username: 'Bty123' }
❌ Invalid credentials for user: Bty123
📥 Received Login Request: { username: 'bty123' }
❌ Invalid credentials for user: bty123
📥 Received Login Request: { username: 'Bty123' }
✅ Login successful for user: Bty123
👤 User session found: { name: 'Bty123', role: 'admin', department: 'Biotechnology' }
👤 User session found: { name: 'Bty123', role: 'admin', department: 'Biotechnology' }
✅ User logged out successfully.
📥 Received Login Request: { username: 'admin' }
✅ Login successful for user: admin
👤 User session found: { name: 'admin', role: 'admin', department: null }
📥 Received Registration Request: { username: 'Bot123' }
✅ Registration successful for user: Bot123
👤 User session found: { name: 'admin', role: 'admin', department: null }
✅ User logged out successfully.
📥 Received Login Request: { username: 'Bot123' }
✅ Login successful for user: Bot123
👤 User session found: { name: 'Bot123', role: 'admin', department: 'Botany' }
📥 Received Edit Password Request: { username: 'Bot123' }
✅ Password updated successfully for user: Bot123
👤 User session found: { name: 'Bot123', role: 'admin', department: 'Botany' }
✅ User logged out successfully.
📥 Received Login Request: { username: 'admin' }
✅ Login successful for user: admin
👤 User session found: { name: 'admin', role: 'admin', department: null }
📥 Received Registration Request: { username: 'Chem123' }
✅ Registration successful for user: Chem123
👤 User session found: { name: 'admin', role: 'admin', department: null }
📥 Received Registration Request: { username: 'Com123' }
✅ Registration successful for user: Com123
👤 User session found: { name: 'admin', role: 'admin', department: null }
📥 Received Registration Request: { username: 'Cse123' }
✅ Registration successful for user: Cse123
👤 User session found: { name: 'admin', role: 'admin', department: null }
📥 Received Registration Request: { username: 'Eng123' }
✅ Registration successful for user: Eng123
👤 User session found: { name: 'admin', role: 'admin', department: null }
📥 Received Registration Request: { username: 'Evs123' }
✅ Registration successful for user: Evs123
👤 User session found: { name: 'admin', role: 'admin', department: null }
📥 Received Registration Request: { username: 'Geo123' }
✅ Registration successful for user: Geo123
👤 User session found: { name: 'admin', role: 'admin', department: null }
📥 Received Registration Request: { username: 'Hnd123' }
✅ Registration successful for user: Hnd123
👤 User session found: { name: 'admin', role: 'admin', department: null }
📥 Received Registration Request: { username: 'His123' }
✅ Registration successful for user: His123
👤 User session found: { name: 'admin', role: 'admin', department: null }
📥 Received Registration Request: { username: 'Htm123' }
✅ Registration successful for user: Htm123
👤 User session found: { name: 'admin', role: 'admin', department: null }
📥 Received Registration Request: { username: 'Jmc123' }
✅ Registration successful for user: Jmc123
👤 User session found: { name: 'admin', role: 'admin', department: null }
📥 Received Registration Request: { username: 'Llb123' }
✅ Registration successful for user: Llb123
👤 User session found: { name: 'admin', role: 'admin', department: null }
📥 Received Registration Request: { username: 'Man123' }
✅ Registration successful for user: Man123
👤 User session found: { name: 'admin', role: 'admin', department: null }
📥 Received Registration Request: { username: 'Mat123' }
✅ Registration successful for user: Mat123
👤 User session found: { name: 'admin', role: 'admin', department: null }
📥 Received Registration Request: { username: 'Pms123' }
✅ Registration successful for user: Pms123
👤 User session found: { name: 'admin', role: 'admin', department: null }
📥 Received Registration Request: { username: 'Dfs123' }
✅ Registration successful for user: Dfs123
👤 User session found: { name: 'admin', role: 'admin', department: null }
📥 Received Registration Request: { username: 'Edu123' }
✅ Registration successful for user: Edu123
👤 User session found: { name: 'admin', role: 'admin', department: null }
📥 Received Registration Request: { username: 'Ped123' }
✅ Registration successful for user: Ped123
👤 User session found: { name: 'admin', role: 'admin', department: null }
📥 Received Registration Request: { username: 'Phy123' }
✅ Registration successful for user: Phy123
👤 User session found: { name: 'admin', role: 'admin', department: null }
📥 Received Registration Request: { username: 'Pols123' }
✅ Registration successful for user: Pols123
👤 User session found: { name: 'admin', role: 'admin', department: null }
📥 Received Registration Request: { username: 'Psy123' }
✅ Registration successful for user: Psy123
👤 User session found: { name: 'admin', role: 'admin', department: null }
📥 Received Registration Request: { username: 'Scw123' }
✅ Registration successful for user: Scw123
👤 User session found: { name: 'admin', role: 'admin', department: null }
📥 Received Registration Request: { username: 'Yog123' }
✅ Registration successful for user: Yog123
👤 User session found: { name: 'admin', role: 'admin', department: null }
📥 Received Registration Request: { username: 'Zoo123' }
✅ Registration successful for user: Zoo123
👤 User session found: { name: 'admin', role: 'admin', department: null }
📥 Received Login Request: { username: 'admin' }
✅ Login successful for user: admin
👤 User session found: { name: 'admin', role: 'admin', department: null }
📥 Received Edit Password Request: { username: 'admin' }
✅ Password updated successfully for user: admin
👤 User session found: { name: 'admin', role: 'admin', department: null }
✅ User logged out successfully.
📥 Received Login Request: { username: 'admin' }
✅ Login successful for user: admin
👤 User session found: { name: 'admin', role: 'admin', department: null }
✅ User logged out successfully.
📥 Received Login Request: { username: 'admin' }
❌ Invalid credentials for user: admin
📥 Received Login Request: { username: 'admin' }
✅ Login successful for user: admin
👤 User session found: { name: 'admin', role: 'admin', department: null }
📥 Received Login Request: { username: 'admin' }
✅ Login successful for user: admin
👤 User session found: { name: 'admin', role: 'admin', department: null }
📥 Received Login Request: { username: 'admin' }
❌ Invalid credentials for user: admin
📥 Received Login Request: { username: 'admin' }
❌ Invalid credentials for user: admin
📥 Received Login Request: { username: 'admin ' }
❌ Invalid credentials for user: admin 
📥 Received Login Request: { username: 'admin' }
❌ Invalid credentials for user: admin
📥 Received Login Request: { username: 'admin' }
❌ Invalid credentials for user: admin
📥 Received Login Request: { username: 'admin' }
❌ Invalid credentials for user: admin
📥 Received Login Request: { username: 'admin' }
❌ Invalid credentials for user: admin
📥 Received Login Request: { username: 'admin' }
✅ Login successful for user: admin
👤 User session found: { name: 'admin', role: 'admin', department: null }
👤 User session found: { name: 'admin', role: 'admin', department: null }
👤 User session found: { name: 'admin', role: 'admin', department: null }
👤 User session found: { name: 'admin', role: 'admin', department: null }
👤 User session found: { name: 'admin', role: 'admin', department: null }
📥 Received Login Request: { username: 'admin' }
❌ Invalid credentials for user: admin
📥 Received Login Request: { username: 'admin' }
❌ Invalid credentials for user: admin
📥 Received Login Request: { username: 'admin' }
❌ Invalid credentials for user: admin
📥 Received Login Request: { username: 'admin' }
❌ Invalid credentials for user: admin
📥 Received Login Request: { username: 'admin' }
❌ Invalid credentials for user: admin
📥 Received Login Request: { username: 'admin' }
❌ Invalid credentials for user: admin
📥 Received Login Request: { username: 'admin' }
❌ Invalid credentials for user: admin
📥 Received Login Request: { username: 'admin' }
❌ Invalid credentials for user: admin
📥 Received Login Request: { username: 'admin' }
❌ Invalid credentials for user: admin
📥 Received Login Request: { username: 'admin' }
❌ Invalid credentials for user: admin
📥 Received Login Request: { username: 'admin' }
❌ Invalid credentials for user: admin
📥 Received Login Request: { username: 'admin' }
❌ Invalid credentials for user: admin
📥 Received Login Request: { username: 'admin' }
❌ Invalid credentials for user: admin
👤 User session found: { name: 'admin', role: 'admin', department: null }
📥 Received Login Request: { username: 'admin' }
❌ Invalid credentials for user: admin
👤 User session found: { name: 'admin', role: 'admin', department: null }
👤 User session found: { name: 'admin', role: 'admin', department: null }
👤 User session found: { name: 'admin', role: 'admin', department: null }
📥 Received Login Request: { username: 'admin' }
❌ Invalid credentials for user: admin
📥 Received Login Request: { username: 'admin' }
❌ Invalid credentials for user: admin
📥 Received Login Request: { username: 'admin' }
❌ Invalid credentials for user: admin
📥 Received Login Request: { username: 'admin' }
❌ Invalid credentials for user: admin
📥 Received Login Request: { username: 'admin' }
❌ Invalid credentials for user: admin
📥 Received Login Request: { username: 'admin' }
❌ Invalid credentials for user: admin
📥 Received Login Request: { username: 'admin' }
❌ Invalid credentials for user: admin
📥 Received Login Request: { username: 'admin' }
❌ Invalid credentials for user: admin
📥 Received Login Request: { username: 'admin' }
❌ Invalid credentials for user: admin
📥 Received Login Request: { username: 'admin' }
❌ Invalid credentials for user: admin
📥 Received Login Request: { username: 'admin' }
❌ Invalid credentials for user: admin
📥 Received Login Request: { username: 'admin' }
❌ Invalid credentials for user: admin
📥 Received Login Request: { username: 'admin' }
❌ Invalid credentials for user: admin
📥 Received Login Request: { username: 'admin' }
❌ Invalid credentials for user: admin
📥 Received Login Request: { username: 'admin' }
❌ Invalid credentials for user: admin
📥 Received Login Request: { username: 'admin' }
❌ Invalid credentials for user: admin
📥 Received Login Request: { username: 'admin' }
❌ Invalid credentials for user: admin
📥 Received Login Request: { username: 'admin' }
❌ Invalid credentials for user: admin
🚀 Server running on http://0.0.0.0:3005
📥 Received Login Request: { username: 'admin' }
❌ Invalid credentials for user: admin
🚀 Server running on http://0.0.0.0:3005
✅ Connected to PostgreSQL database IGUServices
✅ Table 'programs' ensured to exist.
✅ Table 'curriculum_drafts' ensured to exist.
✅ Table 'auth' ensured to exist.
✅ Table 'course_syllabus' ensured to exist.
📥 Received Login Request: { username: 'admin' }
❌ Invalid credentials for user: admin
📥 Received Login Request: { username: 'admin' }
❌ Invalid credentials for user: admin
📥 Received Login Request: { username: 'admin' }
❌ Invalid credentials for user: admin
📥 Received Login Request: { username: 'admin' }
❌ Invalid credentials for user: admin
📥 Received Login Request: { username: 'admin' }
❌ Invalid credentials for user: admin
📥 Received Login Request: { username: 'admin' }
❌ Invalid credentials for user: admin
📥 Received Login Request: { username: 'admin' }
❌ Invalid credentials for user: admin
📥 Received Login Request: { username: 'admin' }
❌ Invalid credentials for user: admin
📥 Received Login Request: { username: 'admin' }
❌ Invalid credentials for user: admin
📥 Received Login Request: { username: 'admin' }
❌ Invalid credentials for user: admin
📥 Received Login Request: { username: 'admin' }
❌ Invalid credentials for user: admin
📥 Received Login Request: { username: 'admin' }
❌ Invalid credentials for user: admin
📥 Received Login Request: { username: 'admin' }
❌ Invalid credentials for user: admin
📥 Received Login Request: { username: 'admin ' }
❌ Invalid credentials for user: admin 
📥 Received Login Request: { username: 'admin' }
✅ Login successful for user: admin
👤 User session found: { name: 'admin', role: 'admin', department: null }
👤 User session found: { name: 'admin', role: 'admin', department: null }
📥 Received Login Request: { username: 'admin' }
❌ Invalid credentials for user: admin
📥 Received Login Request: { username: 'Csc123' }
❌ Invalid credentials for user: Csc123
📥 Received Login Request: { username: 'Cse123' }
❌ Invalid credentials for user: Cse123
📥 Received Login Request: { username: 'Cse123' }
✅ Login successful for user: Cse123
👤 User session found: {
  name: 'Cse123',
  role: 'admin',
  department: 'Computer Science & Engineering'
}
👤 User session found: {
  name: 'Cse123',
  role: 'admin',
  department: 'Computer Science & Engineering'
}
📥 Received Login Request: { username: 'Cse123' }
✅ Login successful for user: Cse123
👤 User session found: {
  name: 'Cse123',
  role: 'admin',
  department: 'Computer Science & Engineering'
}
📥 Received Login Request: { username: 'admin' }
❌ Invalid credentials for user: admin
📥 Received Login Request: { username: 'admin' }
✅ Login successful for user: admin
👤 User session found: { name: 'admin', role: 'admin', department: null }
✅ User logged out successfully.
📥 Received Login Request: { username: 'admin' }
✅ Login successful for user: admin
👤 User session found: { name: 'admin', role: 'admin', department: null }
👤 User session found: { name: 'admin', role: 'admin', department: null }
👤 User session found: { name: 'admin', role: 'admin', department: null }
👤 User session found: { name: 'admin', role: 'admin', department: null }
🚀 Server running on http://0.0.0.0:3005
✅ Connected to PostgreSQL database IGUServices
✅ Table 'auth' ensured to exist.
✅ Table 'programs' ensured to exist.
✅ Table 'course_syllabus' ensured to exist.
✅ Table 'curriculum_drafts' ensured to exist.
🚀 Server running on http://0.0.0.0:3005
✅ Connected to PostgreSQL database IGUServices
✅ Table 'auth' ensured to exist.
✅ Table 'programs' ensured to exist.
✅ Table 'curriculum_drafts' ensured to exist.
✅ Table 'course_syllabus' ensured to exist.
